C51 COMPILER V9.56.0.0   DALAY                                                             08/18/2022 16:46:25 PAGE 1   


C51 COMPILER V9.56.0.0, COMPILATION OF MODULE DALAY
OBJECT MODULE PLACED IN .\Objects\dalay.obj
COMPILER INVOKED BY: d:\Keil_v5\C51\BIN\C51.EXE dalay.c OPTIMIZE(8,SPEED) BROWSE DEBUG OBJECTEXTEND PRINT(.\Listings\dal
                    -ay.lst) TABS(2) OBJECT(.\Objects\dalay.obj)

line level    source

   1          void Delay100ms(int x)    //@11.0592MHz
   2          {
   3   1        unsigned char i, j;
   4   1      while(x)
   5   1      {
   6   2      
   7   2        i = 180;
   8   2        j = 73;
   9   2        do
  10   2        {
  11   3          while (--j);
  12   3        } while (--i);
  13   2        x--;
  14   2      }
  15   1      }


MODULE INFORMATION:   STATIC OVERLAYABLE
   CODE SIZE        =     20    ----
   CONSTANT SIZE    =   ----    ----
   XDATA SIZE       =   ----    ----
   PDATA SIZE       =   ----    ----
   DATA SIZE        =   ----    ----
   IDATA SIZE       =   ----    ----
   BIT SIZE         =   ----    ----
END OF MODULE INFORMATION.


C51 COMPILATION COMPLETE.  0 WARNING(S),  0 ERROR(S)
