C51 COMPILER V9.56.0.0   MAIN                                                              08/22/2022 17:35:21 PAGE 1   


C51 COMPILER V9.56.0.0, COMPILATION OF MODULE MAIN
OBJECT MODULE PLACED IN .\Objects\main.obj
COMPILER INVOKED BY: d:\Keil_v5\C51\BIN\C51.EXE main.c OPTIMIZE(8,SPEED) BROWSE DEBUG OBJECTEXTEND PRINT(.\Listings\main
                    -.lst) TABS(2) OBJECT(.\Objects\main.obj)

line level    source

   1          #include "include.h"
   2          #include <INTRINS.H>
   3          int i ,y;
   4          void main()
   5          {
   6   1        P2 = 0XFE;
   7   1        Timer0Init();
   8   1        while(1)
   9   1        {
  10   2          //pp();
  11   2          
  12   2      
  13   2            if(key()==1)  //如果K1按键按下
  14   2            {
  15   3               i++; //模式切换
  16   3              if(i>=2)i=0;
  17   3            }
  18   2      
  19   2        
  20   2        }
  21   1      }
  22          void Timer0_Rountine() interrupt 1
  23          {
  24   1          static int count ;
  25   1          TL0 = 0x66;   //设置定时初值
  26   1          TH0 = 0xFC;   //设置定时初值
  27   1         count ++;
  28   1          if(count >= 500 )
  29   1          {
  30   2            count = 0;
  31   2            if(i==0)
  32   2                P2 = _crol_(P2,1);
  33   2            if(i==1)
  34   2                P2 = _cror_(P2,1);
  35   2          }
  36   1      }


MODULE INFORMATION:   STATIC OVERLAYABLE
   CODE SIZE        =    132    ----
   CONSTANT SIZE    =   ----    ----
   XDATA SIZE       =   ----    ----
   PDATA SIZE       =   ----    ----
   DATA SIZE        =      6    ----
   IDATA SIZE       =   ----    ----
   BIT SIZE         =   ----    ----
END OF MODULE INFORMATION.


C51 COMPILATION COMPLETE.  0 WARNING(S),  0 ERROR(S)
